2023-11-10 20:56:26.863 [info] Log level: Info
2023-11-10 20:56:26.863 [info] Validating found git in: "git"
2023-11-10 20:56:26.863 [info] Using git "2.34.1" from "git"
2023-11-10 20:56:26.863 [info] > git rev-parse --show-toplevel [8ms]
2023-11-10 20:56:26.863 [info] fatal: not a git repository (or any of the parent directories): .git
2023-11-10 20:56:26.863 [info] > git rev-parse --show-toplevel [7ms]
2023-11-10 20:56:26.863 [info] fatal: not a git repository (or any of the parent directories): .git
2023-11-10 20:56:26.863 [info] > git rev-parse --show-toplevel [10ms]
2023-11-10 20:56:26.863 [info] fatal: not a git repository (or any of the parent directories): .git
2023-11-10 20:56:35.232 [info] > git rev-parse --show-toplevel [117ms]
2023-11-10 20:56:35.233 [info] fatal: not a git repository (or any of the parent directories): .git
2023-11-10 22:38:30.327 [info] > git rev-parse --show-toplevel [3ms]
2023-11-10 22:38:30.340 [info] > git rev-parse --git-dir --git-common-dir [2ms]
2023-11-10 22:38:30.367 [info] Open repository: /home/jonatan
2023-11-10 22:38:30.392 [info] No remotes found in the git config file.
2023-11-10 22:38:30.395 [info] > git config --get commit.template [14ms]
2023-11-10 22:38:30.397 [info] > git for-each-ref --format=%(refname)%00%(upstream:short)%00%(objectname)%00%(upstream:track)%00%(upstream:remotename)%00%(upstream:remoteref) refs/heads/master refs/remotes/master [8ms]
2023-11-10 22:38:30.738 [info] > git show --textconv :jonatan.html [12ms]
2023-11-10 22:38:30.744 [info] > git ls-files --stage -- /home/jonatan/jonatan.html [9ms]
2023-11-10 22:38:30.976 [info] > git check-ignore -v -z --stdin [2ms]
2023-11-10 22:38:31.372 [info] > git status -z -uall [967ms]
2023-11-10 22:38:32.616 [info] > git config --get commit.template [79ms]
2023-11-10 22:38:32.709 [info] No remotes found in the git config file.
2023-11-10 22:38:32.726 [info] > git for-each-ref --format=%(refname)%00%(upstream:short)%00%(objectname)%00%(upstream:track)%00%(upstream:remotename)%00%(upstream:remoteref) refs/heads/master refs/remotes/master [17ms]
2023-11-10 22:38:32.944 [info] > git status -z -uall [172ms]
2023-11-10 22:43:18.260 [info] > git check-ignore -v -z --stdin [6ms]
2023-11-10 23:26:09.195 [info] > git config --get commit.template [23ms]
2023-11-10 23:26:09.208 [info] > git ls-files --stage -- /home/jonatan/jonatan.html [21ms]
2023-11-10 23:26:09.220 [info] > git for-each-ref --format=%(refname)%00%(upstream:short)%00%(objectname)%00%(upstream:track)%00%(upstream:remotename)%00%(upstream:remoteref) refs/heads/master refs/remotes/master [15ms]
2023-11-10 23:26:09.231 [info] > git cat-file -s 0f4047184665f7570843e7c9fe9c96dc2d3b66b1 [11ms]
2023-11-10 23:26:09.257 [info] > git show --textconv :jonatan.html [6ms]
2023-11-10 23:26:09.289 [info] > git status -z -uall [60ms]
2023-11-10 23:26:14.425 [info] > git config --get commit.template [35ms]
2023-11-10 23:26:14.429 [info] > git for-each-ref --format=%(refname)%00%(upstream:short)%00%(objectname)%00%(upstream:track)%00%(upstream:remotename)%00%(upstream:remoteref) refs/heads/master refs/remotes/master [11ms]
2023-11-10 23:26:14.518 [info] > git status -z -uall [66ms]
2023-11-10 23:26:19.600 [info] > git config --get commit.template [41ms]
2023-11-10 23:26:19.605 [info] > git for-each-ref --format=%(refname)%00%(upstream:short)%00%(objectname)%00%(upstream:track)%00%(upstream:remotename)%00%(upstream:remoteref) refs/heads/master refs/remotes/master [10ms]
2023-11-10 23:26:19.742 [info] > git status -z -uall [116ms]
2023-11-10 23:26:24.821 [info] > git config --get commit.template [4ms]
2023-11-10 23:26:24.837 [info] > git for-each-ref --format=%(refname)%00%(upstream:short)%00%(objectname)%00%(upstream:track)%00%(upstream:remotename)%00%(upstream:remoteref) refs/heads/master refs/remotes/master [2ms]
2023-11-10 23:26:24.893 [info] > git status -z -uall [48ms]
2023-11-10 23:26:29.982 [info] > git config --get commit.template [43ms]
2023-11-10 23:26:30.002 [info] > git for-each-ref --format=%(refname)%00%(upstream:short)%00%(objectname)%00%(upstream:track)%00%(upstream:remotename)%00%(upstream:remoteref) refs/heads/master refs/remotes/master [3ms]
2023-11-10 23:26:30.074 [info] > git status -z -uall [57ms]
2023-11-10 23:26:35.128 [info] > git config --get commit.template [16ms]
2023-11-10 23:26:35.129 [info] > git for-each-ref --format=%(refname)%00%(upstream:short)%00%(objectname)%00%(upstream:track)%00%(upstream:remotename)%00%(upstream:remoteref) refs/heads/master refs/remotes/master [3ms]
2023-11-10 23:26:35.189 [info] > git status -z -uall [50ms]
2023-11-10 23:26:40.250 [info] > git config --get commit.template [25ms]
2023-11-10 23:26:40.251 [info] > git for-each-ref --format=%(refname)%00%(upstream:short)%00%(objectname)%00%(upstream:track)%00%(upstream:remotename)%00%(upstream:remoteref) refs/heads/master refs/remotes/master [4ms]
2023-11-10 23:26:40.307 [info] > git status -z -uall [46ms]
2023-11-10 23:26:45.340 [info] > git config --get commit.template [6ms]
2023-11-10 23:26:45.354 [info] > git for-each-ref --format=%(refname)%00%(upstream:short)%00%(objectname)%00%(upstream:track)%00%(upstream:remotename)%00%(upstream:remoteref) refs/heads/master refs/remotes/master [2ms]
2023-11-10 23:26:45.428 [info] > git status -z -uall [66ms]
2023-11-10 23:26:50.452 [info] > git config --get commit.template [3ms]
2023-11-10 23:26:50.463 [info] > git for-each-ref --format=%(refname)%00%(upstream:short)%00%(objectname)%00%(upstream:track)%00%(upstream:remotename)%00%(upstream:remoteref) refs/heads/master refs/remotes/master [3ms]
2023-11-10 23:26:50.542 [info] > git status -z -uall [69ms]
